2025-11-04 01:27:02,651 - realtime - INFO - [realtime]📹 Initializing real-time sign language detection...[/realtime]
2025-11-04 01:27:03,038 - realtime - INFO - [success]✅ ✅ Model loaded successfully[/success]
2025-11-04 01:27:03,323 - realtime - INFO - [realtime]📹 Using device: cuda[/realtime]
2025-11-04 01:27:03,324 - realtime - INFO - [info]Classes: ['Homem', 'Roubar', 'Ver'][/info]
2025-11-04 01:27:03,325 - realtime - INFO - [realtime]📹 Starting camera capture...[/realtime]
2025-11-04 01:27:03,458 - realtime - INFO - [info]Camera resolution: 1280x720[/info]
2025-11-04 01:27:03,459 - realtime - INFO - [realtime]📹 🎯 Starting detection loop... Press Q to quit[/realtime]
2025-11-04 01:27:07,042 - realtime - INFO - [info]📊 Frame 30 | Detections: 1 | FPS: 8.4[/info]
2025-11-04 01:27:09,994 - realtime - INFO - [info]📊 Frame 60 | Detections: 1 | FPS: 10.2[/info]
2025-11-04 01:27:12,949 - realtime - INFO - [info]📊 Frame 90 | Detections: 1 | FPS: 10.2[/info]
2025-11-04 01:27:15,901 - realtime - INFO - [info]📊 Frame 120 | Detections: 1 | FPS: 10.2[/info]
2025-11-04 01:27:18,858 - realtime - INFO - [info]📊 Frame 150 | Detections: 1 | FPS: 10.2[/info]
2025-11-04 01:27:21,809 - realtime - INFO - [info]📊 Frame 180 | Detections: 1 | FPS: 10.2[/info]
2025-11-04 01:27:24,765 - realtime - INFO - [info]📊 Frame 210 | Detections: 1 | FPS: 10.2[/info]
2025-11-04 01:27:27,716 - realtime - INFO - [info]📊 Frame 240 | Detections: 1 | FPS: 10.2[/info]
2025-11-04 01:27:30,669 - realtime - INFO - [info]📊 Frame 270 | Detections: 1 | FPS: 10.2[/info]
2025-11-04 01:27:33,625 - realtime - INFO - [info]📊 Frame 300 | Detections: 1 | FPS: 10.2[/info]
2025-11-04 01:27:36,576 - realtime - INFO - [info]📊 Frame 330 | Detections: 1 | FPS: 10.2[/info]
2025-11-04 01:27:39,532 - realtime - INFO - [info]📊 Frame 360 | Detections: 1 | FPS: 10.2[/info]
2025-11-04 01:27:42,484 - realtime - INFO - [info]📊 Frame 390 | Detections: 1 | FPS: 10.2[/info]
2025-11-04 01:27:45,440 - realtime - INFO - [info]📊 Frame 420 | Detections: 1 | FPS: 10.2[/info]
2025-11-04 01:27:48,392 - realtime - INFO - [info]📊 Frame 450 | Detections: 2 | FPS: 10.2[/info]
2025-11-04 01:27:51,349 - realtime - INFO - [info]📊 Frame 480 | Detections: 2 | FPS: 10.2[/info]
2025-11-04 01:27:54,300 - realtime - INFO - [info]📊 Frame 510 | Detections: 2 | FPS: 10.2[/info]
2025-11-04 01:27:57,252 - realtime - INFO - [info]📊 Frame 540 | Detections: 2 | FPS: 10.2[/info]
2025-11-04 01:28:00,209 - realtime - INFO - [info]📊 Frame 570 | Detections: 2 | FPS: 10.2[/info]
2025-11-04 01:28:03,159 - realtime - INFO - [info]📊 Frame 600 | Detections: 1 | FPS: 10.2[/info]
2025-11-04 01:28:06,116 - realtime - INFO - [info]📊 Frame 630 | Detections: 1 | FPS: 10.2[/info]
2025-11-04 01:28:09,067 - realtime - INFO - [info]📊 Frame 660 | Detections: 1 | FPS: 10.2[/info]
2025-11-04 01:28:12,022 - realtime - INFO - [info]📊 Frame 690 | Detections: 1 | FPS: 10.2[/info]
2025-11-04 01:28:14,974 - realtime - INFO - [info]📊 Frame 720 | Detections: 1 | FPS: 10.2[/info]
2025-11-04 01:28:17,931 - realtime - INFO - [info]📊 Frame 750 | Detections: 1 | FPS: 10.2[/info]
2025-11-04 01:28:20,883 - realtime - INFO - [info]📊 Frame 780 | Detections: 1 | FPS: 10.2[/info]
2025-11-04 01:28:23,836 - realtime - INFO - [info]📊 Frame 810 | Detections: 2 | FPS: 10.2[/info]
2025-11-04 01:28:26,790 - realtime - INFO - [info]📊 Frame 840 | Detections: 2 | FPS: 10.2[/info]
2025-11-04 01:28:29,743 - realtime - INFO - [info]📊 Frame 870 | Detections: 1 | FPS: 10.2[/info]
2025-11-04 01:28:32,698 - realtime - INFO - [info]📊 Frame 900 | Detections: 1 | FPS: 10.2[/info]
2025-11-04 01:28:35,650 - realtime - INFO - [info]📊 Frame 930 | Detections: 1 | FPS: 10.2[/info]
2025-11-04 01:28:38,607 - realtime - INFO - [info]📊 Frame 960 | Detections: 1 | FPS: 10.2[/info]
2025-11-04 01:28:41,558 - realtime - INFO - [info]📊 Frame 990 | Detections: 2 | FPS: 10.2[/info]
2025-11-04 01:28:44,514 - realtime - INFO - [info]📊 Frame 1020 | Detections: 2 | FPS: 10.2[/info]
2025-11-04 01:28:47,466 - realtime - INFO - [info]📊 Frame 1050 | Detections: 2 | FPS: 10.2[/info]
2025-11-04 01:28:50,421 - realtime - INFO - [info]📊 Frame 1080 | Detections: 1 | FPS: 10.2[/info]
2025-11-04 01:28:53,374 - realtime - INFO - [info]📊 Frame 1110 | Detections: 2 | FPS: 10.2[/info]
2025-11-04 01:28:56,325 - realtime - INFO - [info]📊 Frame 1140 | Detections: 1 | FPS: 10.2[/info]
2025-11-04 01:28:59,282 - realtime - INFO - [info]📊 Frame 1170 | Detections: 2 | FPS: 10.2[/info]
2025-11-04 01:29:02,233 - realtime - INFO - [info]📊 Frame 1200 | Detections: 2 | FPS: 10.2[/info]
2025-11-04 01:29:05,188 - realtime - INFO - [info]📊 Frame 1230 | Detections: 1 | FPS: 10.2[/info]
2025-11-04 01:29:08,140 - realtime - INFO - [info]📊 Frame 1260 | Detections: 1 | FPS: 10.2[/info]
2025-11-04 01:29:11,097 - realtime - INFO - [info]📊 Frame 1290 | Detections: 1 | FPS: 10.2[/info]
2025-11-04 01:29:14,049 - realtime - INFO - [info]📊 Frame 1320 | Detections: 1 | FPS: 10.2[/info]
2025-11-04 01:29:17,004 - realtime - INFO - [info]📊 Frame 1350 | Detections: 1 | FPS: 10.2[/info]
2025-11-04 01:29:19,956 - realtime - INFO - [info]📊 Frame 1380 | Detections: 1 | FPS: 10.2[/info]
2025-11-04 01:29:22,908 - realtime - INFO - [info]📊 Frame 1410 | Detections: 1 | FPS: 10.2[/info]
2025-11-04 01:29:25,864 - realtime - INFO - [info]📊 Frame 1440 | Detections: 1 | FPS: 10.2[/info]
2025-11-04 01:29:27,440 - realtime - INFO - [realtime]📹 Stopping real-time detection...[/realtime]
2025-11-04 01:29:27,465 - realtime - INFO - [success]✅ Real-time detection stopped[/success]
